<?xml version="1.0" encoding="UTF-8"?>
<testsuite xmlns:xsi="http://www.w3.org/2001/XMLSchema-instance" xsi:noNamespaceSchemaLocation="https://maven.apache.org/surefire/maven-surefire-plugin/xsd/surefire-test-report.xsd" name="org.jmsa.score.impl.SumOfPairsTest" time="0.498" tests="4" errors="0" skipped="0" failures="0">
  <properties>
[...]
</properties>
  <testcase name="allAlignment" classname="org.jmsa.score.impl.SumOfPairsTest" time="0.47"/>
  <testcase name="testneg27" classname="org.jmsa.score.impl.SumOfPairsTest" time="0.007"/>
  <testcase name="allGaps" classname="org.jmsa.score.impl.SumOfPairsTest" time="0.005"/>
  <testcase name="test0" classname="org.jmsa.score.impl.SumOfPairsTest" time="0.006"/>
</testsuite>